[2021-07-23 00:00:06,751] [autoreload.py:636] [autoreload:run_with_reloader] [INFO]- Watching for file changes with StatReloader
[2021-07-23 00:00:07,603] [basehttp.py:161] [basehttp:log_message] [INFO]- "GET /admin/ HTTP/1.1" 200 18370
[2021-07-23 00:00:08,608] [basehttp.py:161] [basehttp:log_message] [INFO]- "GET /admin/crm/oblist/ HTTP/1.1" 200 375069
[2021-07-23 00:00:08,780] [basehttp.py:161] [basehttp:log_message] [INFO]- "GET /admin/jsi18n/ HTTP/1.1" 200 8398
[2021-07-23 00:01:08,221] [autoreload.py:250] [autoreload:trigger_reload] [INFO]- E:\djangoProject\crm\admin.py changed, reloading.
[2021-07-23 00:01:10,149] [autoreload.py:636] [autoreload:run_with_reloader] [INFO]- Watching for file changes with StatReloader
[2021-07-23 00:01:11,790] [basehttp.py:161] [basehttp:log_message] [INFO]- "GET /admin/ HTTP/1.1" 200 18370
[2021-07-23 00:01:12,809] [log.py:224] [log:log_response] [ERROR]- Internal Server Error: /admin/crm/oblist/
Traceback (most recent call last):
  File "E:\DRF\venv\lib\site-packages\django\db\models\options.py", line 608, in get_field
    return self.fields_map[field_name]
KeyError: 'makecall'

During handling of the above exception, another exception occurred:

Traceback (most recent call last):
  File "E:\DRF\venv\lib\site-packages\django\contrib\admin\utils.py", line 265, in lookup_field
    f = _get_non_gfk_field(opts, name)
  File "E:\DRF\venv\lib\site-packages\django\contrib\admin\utils.py", line 296, in _get_non_gfk_field
    field = opts.get_field(name)
  File "E:\DRF\venv\lib\site-packages\django\db\models\options.py", line 610, in get_field
    raise FieldDoesNotExist("%s has no field named '%s'" % (self.object_name, field_name))
django.core.exceptions.FieldDoesNotExist: Oblist has no field named 'makecall'

During handling of the above exception, another exception occurred:

Traceback (most recent call last):
  File "E:\DRF\venv\lib\site-packages\django\core\handlers\exception.py", line 47, in inner
    response = get_response(request)
  File "E:\DRF\venv\lib\site-packages\django\core\handlers\base.py", line 204, in _get_response
    response = response.render()
  File "E:\DRF\venv\lib\site-packages\django\template\response.py", line 105, in render
    self.content = self.rendered_content
  File "E:\DRF\venv\lib\site-packages\django\template\response.py", line 83, in rendered_content
    return template.render(context, self._request)
  File "E:\DRF\venv\lib\site-packages\django\template\backends\django.py", line 61, in render
    return self.template.render(context)
  File "E:\DRF\venv\lib\site-packages\django\template\base.py", line 170, in render
    return self._render(context)
  File "E:\DRF\venv\lib\site-packages\django\template\base.py", line 162, in _render
    return self.nodelist.render(context)
  File "E:\DRF\venv\lib\site-packages\django\template\base.py", line 938, in render
    bit = node.render_annotated(context)
  File "E:\DRF\venv\lib\site-packages\django\template\base.py", line 905, in render_annotated
    return self.render(context)
  File "E:\DRF\venv\lib\site-packages\django\template\loader_tags.py", line 150, in render
    return compiled_parent._render(context)
  File "E:\DRF\venv\lib\site-packages\django\template\base.py", line 162, in _render
    return self.nodelist.render(context)
  File "E:\DRF\venv\lib\site-packages\django\template\base.py", line 938, in render
    bit = node.render_annotated(context)
  File "E:\DRF\venv\lib\site-packages\django\template\base.py", line 905, in render_annotated
    return self.render(context)
  File "E:\DRF\venv\lib\site-packages\django\template\loader_tags.py", line 150, in render
    return compiled_parent._render(context)
  File "E:\DRF\venv\lib\site-packages\django\template\base.py", line 162, in _render
    return self.nodelist.render(context)
  File "E:\DRF\venv\lib\site-packages\django\template\base.py", line 938, in render
    bit = node.render_annotated(context)
  File "E:\DRF\venv\lib\site-packages\django\template\base.py", line 905, in render_annotated
    return self.render(context)
  File "E:\DRF\venv\lib\site-packages\django\template\loader_tags.py", line 62, in render
    result = block.nodelist.render(context)
  File "E:\DRF\venv\lib\site-packages\django\template\base.py", line 938, in render
    bit = node.render_annotated(context)
  File "E:\DRF\venv\lib\site-packages\django\template\base.py", line 905, in render_annotated
    return self.render(context)
  File "E:\DRF\venv\lib\site-packages\django\template\loader_tags.py", line 62, in render
    result = block.nodelist.render(context)
  File "E:\DRF\venv\lib\site-packages\django\template\base.py", line 938, in render
    bit = node.render_annotated(context)
  File "E:\DRF\venv\lib\site-packages\django\template\base.py", line 905, in render_annotated
    return self.render(context)
  File "E:\DRF\venv\lib\site-packages\django\contrib\admin\templatetags\base.py", line 33, in render
    return super().render(context)
  File "E:\DRF\venv\lib\site-packages\django\template\library.py", line 214, in render
    _dict = self.func(*resolved_args, **resolved_kwargs)
  File "E:\DRF\venv\lib\site-packages\django\contrib\admin\templatetags\admin_list.py", line 308, in result_list
    'results': list(results(cl)),
  File "E:\DRF\venv\lib\site-packages\django\contrib\admin\templatetags\admin_list.py", line 284, in results
    yield ResultList(None, items_for_result(cl, res, None))
  File "E:\DRF\venv\lib\site-packages\django\contrib\admin\templatetags\admin_list.py", line 275, in __init__
    super().__init__(*items)
  File "E:\DRF\venv\lib\site-packages\django\contrib\admin\templatetags\admin_list.py", line 200, in items_for_result
    f, attr, value = lookup_field(field_name, result, cl.model_admin)
  File "E:\DRF\venv\lib\site-packages\django\contrib\admin\utils.py", line 274, in lookup_field
    value = attr(obj)
  File "E:\djangoProject\crm\admin.py", line 62, in makecall
    print ('我没老2'+obj.Phone2)
TypeError: can only concatenate str (not "NoneType") to str
[2021-07-23 00:01:12,816] [basehttp.py:161] [basehttp:log_message] [ERROR]- "GET /admin/crm/oblist/ HTTP/1.1" 500 367417
[2021-07-23 00:02:18,611] [autoreload.py:250] [autoreload:trigger_reload] [INFO]- E:\djangoProject\crm\admin.py changed, reloading.
[2021-07-23 00:02:20,483] [autoreload.py:636] [autoreload:run_with_reloader] [INFO]- Watching for file changes with StatReloader
[2021-07-23 00:02:23,250] [basehttp.py:161] [basehttp:log_message] [INFO]- "GET /admin/ HTTP/1.1" 200 18370
[2021-07-23 00:02:24,272] [log.py:224] [log:log_response] [ERROR]- Internal Server Error: /admin/crm/oblist/
Traceback (most recent call last):
  File "E:\DRF\venv\lib\site-packages\django\db\models\options.py", line 608, in get_field
    return self.fields_map[field_name]
KeyError: 'makecall'

During handling of the above exception, another exception occurred:

Traceback (most recent call last):
  File "E:\DRF\venv\lib\site-packages\django\contrib\admin\utils.py", line 265, in lookup_field
    f = _get_non_gfk_field(opts, name)
  File "E:\DRF\venv\lib\site-packages\django\contrib\admin\utils.py", line 296, in _get_non_gfk_field
    field = opts.get_field(name)
  File "E:\DRF\venv\lib\site-packages\django\db\models\options.py", line 610, in get_field
    raise FieldDoesNotExist("%s has no field named '%s'" % (self.object_name, field_name))
django.core.exceptions.FieldDoesNotExist: Oblist has no field named 'makecall'

During handling of the above exception, another exception occurred:

Traceback (most recent call last):
  File "E:\DRF\venv\lib\site-packages\django\core\handlers\exception.py", line 47, in inner
    response = get_response(request)
  File "E:\DRF\venv\lib\site-packages\django\core\handlers\base.py", line 204, in _get_response
    response = response.render()
  File "E:\DRF\venv\lib\site-packages\django\template\response.py", line 105, in render
    self.content = self.rendered_content
  File "E:\DRF\venv\lib\site-packages\django\template\response.py", line 83, in rendered_content
    return template.render(context, self._request)
  File "E:\DRF\venv\lib\site-packages\django\template\backends\django.py", line 61, in render
    return self.template.render(context)
  File "E:\DRF\venv\lib\site-packages\django\template\base.py", line 170, in render
    return self._render(context)
  File "E:\DRF\venv\lib\site-packages\django\template\base.py", line 162, in _render
    return self.nodelist.render(context)
  File "E:\DRF\venv\lib\site-packages\django\template\base.py", line 938, in render
    bit = node.render_annotated(context)
  File "E:\DRF\venv\lib\site-packages\django\template\base.py", line 905, in render_annotated
    return self.render(context)
  File "E:\DRF\venv\lib\site-packages\django\template\loader_tags.py", line 150, in render
    return compiled_parent._render(context)
  File "E:\DRF\venv\lib\site-packages\django\template\base.py", line 162, in _render
    return self.nodelist.render(context)
  File "E:\DRF\venv\lib\site-packages\django\template\base.py", line 938, in render
    bit = node.render_annotated(context)
  File "E:\DRF\venv\lib\site-packages\django\template\base.py", line 905, in render_annotated
    return self.render(context)
  File "E:\DRF\venv\lib\site-packages\django\template\loader_tags.py", line 150, in render
    return compiled_parent._render(context)
  File "E:\DRF\venv\lib\site-packages\django\template\base.py", line 162, in _render
    return self.nodelist.render(context)
  File "E:\DRF\venv\lib\site-packages\django\template\base.py", line 938, in render
    bit = node.render_annotated(context)
  File "E:\DRF\venv\lib\site-packages\django\template\base.py", line 905, in render_annotated
    return self.render(context)
  File "E:\DRF\venv\lib\site-packages\django\template\loader_tags.py", line 62, in render
    result = block.nodelist.render(context)
  File "E:\DRF\venv\lib\site-packages\django\template\base.py", line 938, in render
    bit = node.render_annotated(context)
  File "E:\DRF\venv\lib\site-packages\django\template\base.py", line 905, in render_annotated
    return self.render(context)
  File "E:\DRF\venv\lib\site-packages\django\template\loader_tags.py", line 62, in render
    result = block.nodelist.render(context)
  File "E:\DRF\venv\lib\site-packages\django\template\base.py", line 938, in render
    bit = node.render_annotated(context)
  File "E:\DRF\venv\lib\site-packages\django\template\base.py", line 905, in render_annotated
    return self.render(context)
  File "E:\DRF\venv\lib\site-packages\django\contrib\admin\templatetags\base.py", line 33, in render
    return super().render(context)
  File "E:\DRF\venv\lib\site-packages\django\template\library.py", line 214, in render
    _dict = self.func(*resolved_args, **resolved_kwargs)
  File "E:\DRF\venv\lib\site-packages\django\contrib\admin\templatetags\admin_list.py", line 308, in result_list
    'results': list(results(cl)),
  File "E:\DRF\venv\lib\site-packages\django\contrib\admin\templatetags\admin_list.py", line 284, in results
    yield ResultList(None, items_for_result(cl, res, None))
  File "E:\DRF\venv\lib\site-packages\django\contrib\admin\templatetags\admin_list.py", line 275, in __init__
    super().__init__(*items)
  File "E:\DRF\venv\lib\site-packages\django\contrib\admin\templatetags\admin_list.py", line 200, in items_for_result
    f, attr, value = lookup_field(field_name, result, cl.model_admin)
  File "E:\DRF\venv\lib\site-packages\django\contrib\admin\utils.py", line 274, in lookup_field
    value = attr(obj)
  File "E:\djangoProject\crm\admin.py", line 67, in makecall
    print ('我有老2'+obj.Phone2)
TypeError: can only concatenate str (not "NoneType") to str
[2021-07-23 00:02:24,279] [basehttp.py:161] [basehttp:log_message] [ERROR]- "GET /admin/crm/oblist/ HTTP/1.1" 500 367284
[2021-07-23 00:02:39,642] [autoreload.py:250] [autoreload:trigger_reload] [INFO]- E:\djangoProject\crm\admin.py changed, reloading.
[2021-07-23 00:02:41,610] [autoreload.py:636] [autoreload:run_with_reloader] [INFO]- Watching for file changes with StatReloader
[2021-07-23 00:02:44,348] [basehttp.py:161] [basehttp:log_message] [INFO]- "GET /admin/ HTTP/1.1" 200 18370
[2021-07-23 00:02:45,370] [basehttp.py:161] [basehttp:log_message] [INFO]- "GET /admin/crm/oblist/ HTTP/1.1" 200 375069
[2021-07-23 00:02:45,387] [basehttp.py:161] [basehttp:log_message] [INFO]- "GET /static/js/call.js HTTP/1.1" 304 0
[2021-07-23 00:02:45,523] [basehttp.py:161] [basehttp:log_message] [INFO]- "GET /admin/jsi18n/ HTTP/1.1" 200 8398
[2021-07-23 00:02:54,866] [autoreload.py:250] [autoreload:trigger_reload] [INFO]- E:\djangoProject\crm\admin.py changed, reloading.
[2021-07-23 00:02:56,794] [autoreload.py:636] [autoreload:run_with_reloader] [INFO]- Watching for file changes with StatReloader
[2021-07-23 00:02:59,372] [basehttp.py:161] [basehttp:log_message] [INFO]- "GET /admin/ HTTP/1.1" 200 18370
[2021-07-23 00:03:00,315] [basehttp.py:161] [basehttp:log_message] [INFO]- "GET /admin/crm/oblist/ HTTP/1.1" 200 378762
[2021-07-23 00:03:00,466] [basehttp.py:161] [basehttp:log_message] [INFO]- "GET /admin/jsi18n/ HTTP/1.1" 200 8398
[2021-07-23 00:03:05,820] [basehttp.py:161] [basehttp:log_message] [INFO]- "POST /makecall/ HTTP/1.1" 200 106
[2021-07-23 00:03:06,289] [basehttp.py:161] [basehttp:log_message] [INFO]- "POST /admin/crm/oblist/ HTTP/1.1" 200 378762
[2021-07-23 00:03:11,481] [basehttp.py:161] [basehttp:log_message] [INFO]- "GET /admin/jsi18n/ HTTP/1.1" 200 8398
[2021-07-23 00:03:20,737] [basehttp.py:161] [basehttp:log_message] [INFO]- "POST /makecall/ HTTP/1.1" 200 106
[2021-07-23 00:03:21,170] [basehttp.py:161] [basehttp:log_message] [INFO]- "POST /admin/crm/oblist/ HTTP/1.1" 200 378762
[2021-07-23 00:03:22,417] [basehttp.py:161] [basehttp:log_message] [INFO]- "GET /admin/jsi18n/ HTTP/1.1" 200 8398
[2021-07-23 00:03:57,298] [autoreload.py:250] [autoreload:trigger_reload] [INFO]- E:\djangoProject\crm\admin.py changed, reloading.
[2021-07-23 00:03:59,209] [autoreload.py:636] [autoreload:run_with_reloader] [INFO]- Watching for file changes with StatReloader
[2021-07-23 00:04:00,204] [basehttp.py:161] [basehttp:log_message] [INFO]- "GET /admin/ HTTP/1.1" 200 18370
[2021-07-23 00:04:01,147] [basehttp.py:161] [basehttp:log_message] [INFO]- "GET /admin/crm/oblist/ HTTP/1.1" 200 378762
[2021-07-23 00:04:01,312] [basehttp.py:161] [basehttp:log_message] [INFO]- "GET /admin/jsi18n/ HTTP/1.1" 200 8398
[2021-07-23 00:04:06,026] [basehttp.py:161] [basehttp:log_message] [INFO]- "GET /admin/crm/oblist/?Phone2=None HTTP/1.1" 200 285395
[2021-07-23 00:04:06,202] [basehttp.py:161] [basehttp:log_message] [INFO]- "GET /admin/jsi18n/ HTTP/1.1" 200 8398
[2021-07-23 00:04:17,622] [basehttp.py:161] [basehttp:log_message] [INFO]- "GET /admin/crm/oblist/?Phone2=13023131133 HTTP/1.1" 200 286476
[2021-07-23 00:04:17,788] [basehttp.py:161] [basehttp:log_message] [INFO]- "GET /admin/jsi18n/ HTTP/1.1" 200 8398
[2021-07-23 00:04:28,042] [basehttp.py:161] [basehttp:log_message] [INFO]- "GET /admin/crm/oblist/?q=138 HTTP/1.1" 200 331679
[2021-07-23 00:04:28,201] [basehttp.py:161] [basehttp:log_message] [INFO]- "GET /admin/jsi18n/ HTTP/1.1" 200 8398
[2021-07-23 00:04:38,505] [basehttp.py:161] [basehttp:log_message] [INFO]- "POST /makecall/ HTTP/1.1" 200 106
[2021-07-23 00:04:38,840] [basehttp.py:161] [basehttp:log_message] [INFO]- "POST /admin/crm/oblist/?q=138 HTTP/1.1" 200 331679
[2021-07-23 00:04:41,890] [basehttp.py:161] [basehttp:log_message] [INFO]- "GET /admin/jsi18n/ HTTP/1.1" 200 8398
[2021-07-23 08:03:42,416] [autoreload.py:250] [autoreload:trigger_reload] [INFO]- E:\djangoProject\crm\models.py changed, reloading.
[2021-07-23 08:03:44,438] [autoreload.py:636] [autoreload:run_with_reloader] [INFO]- Watching for file changes with StatReloader
[2021-07-23 08:07:17,334] [autoreload.py:250] [autoreload:trigger_reload] [INFO]- E:\djangoProject\crm\admin.py changed, reloading.
[2021-07-23 08:07:19,178] [autoreload.py:636] [autoreload:run_with_reloader] [INFO]- Watching for file changes with StatReloader
[2021-07-23 08:07:30,505] [log.py:224] [log:log_response] [ERROR]- Internal Server Error: /admin/crm/oblist/
Traceback (most recent call last):
  File "E:\DRF\venv\lib\site-packages\django\db\backends\utils.py", line 84, in _execute
    return self.cursor.execute(sql, params)
  File "E:\DRF\venv\lib\site-packages\django\db\backends\mysql\base.py", line 73, in execute
    return self.cursor.execute(query, args)
  File "E:\DRF\venv\lib\site-packages\pymysql\cursors.py", line 148, in execute
    result = self._query(query)
  File "E:\DRF\venv\lib\site-packages\pymysql\cursors.py", line 310, in _query
    conn.query(q)
  File "E:\DRF\venv\lib\site-packages\pymysql\connections.py", line 548, in query
    self._affected_rows = self._read_query_result(unbuffered=unbuffered)
  File "E:\DRF\venv\lib\site-packages\pymysql\connections.py", line 775, in _read_query_result
    result.read()
  File "E:\DRF\venv\lib\site-packages\pymysql\connections.py", line 1156, in read
    first_packet = self.connection._read_packet()
  File "E:\DRF\venv\lib\site-packages\pymysql\connections.py", line 725, in _read_packet
    packet.raise_for_error()
  File "E:\DRF\venv\lib\site-packages\pymysql\protocol.py", line 221, in raise_for_error
    err.raise_mysql_exception(self._data)
  File "E:\DRF\venv\lib\site-packages\pymysql\err.py", line 143, in raise_mysql_exception
    raise errorclass(errno, errval)
pymysql.err.OperationalError: (1054, "Unknown column 'crm_oblist.Owner' in 'field list'")

The above exception was the direct cause of the following exception:

Traceback (most recent call last):
  File "E:\DRF\venv\lib\site-packages\django\core\handlers\exception.py", line 47, in inner
    response = get_response(request)
  File "E:\DRF\venv\lib\site-packages\django\core\handlers\base.py", line 181, in _get_response
    response = wrapped_callback(request, *callback_args, **callback_kwargs)
  File "E:\DRF\venv\lib\site-packages\django\contrib\admin\options.py", line 616, in wrapper
    return self.admin_site.admin_view(view)(*args, **kwargs)
  File "E:\DRF\venv\lib\site-packages\django\utils\decorators.py", line 130, in _wrapped_view
    response = view_func(request, *args, **kwargs)
  File "E:\DRF\venv\lib\site-packages\django\views\decorators\cache.py", line 44, in _wrapped_view_func
    response = view_func(request, *args, **kwargs)
  File "E:\DRF\venv\lib\site-packages\django\contrib\admin\sites.py", line 232, in inner
    return view(request, *args, **kwargs)
  File "E:\DRF\venv\lib\site-packages\django\utils\decorators.py", line 43, in _wrapper
    return bound_method(*args, **kwargs)
  File "E:\DRF\venv\lib\site-packages\django\utils\decorators.py", line 130, in _wrapped_view
    response = view_func(request, *args, **kwargs)
  File "E:\DRF\venv\lib\site-packages\django\contrib\admin\options.py", line 1794, in changelist_view
    media = self.media + formset.media
  File "E:\DRF\venv\lib\site-packages\django\forms\formsets.py", line 436, in media
    if self.forms:
  File "E:\DRF\venv\lib\site-packages\django\utils\functional.py", line 48, in __get__
    res = instance.__dict__[self.name] = self.func(instance)
  File "E:\DRF\venv\lib\site-packages\django\forms\formsets.py", line 157, in forms
    for i in range(self.total_form_count())
  File "E:\DRF\venv\lib\site-packages\django\forms\formsets.py", line 132, in total_form_count
    initial_forms = self.initial_form_count()
  File "E:\DRF\venv\lib\site-packages\django\forms\models.py", line 586, in initial_form_count
    return len(self.get_queryset())
  File "E:\DRF\venv\lib\site-packages\django\db\models\query.py", line 262, in __len__
    self._fetch_all()
  File "E:\DRF\venv\lib\site-packages\django\db\models\query.py", line 1324, in _fetch_all
    self._result_cache = list(self._iterable_class(self))
  File "E:\DRF\venv\lib\site-packages\django\db\models\query.py", line 51, in __iter__
    results = compiler.execute_sql(chunked_fetch=self.chunked_fetch, chunk_size=self.chunk_size)
  File "E:\DRF\venv\lib\site-packages\django\db\models\sql\compiler.py", line 1175, in execute_sql
    cursor.execute(sql, params)
  File "E:\DRF\venv\lib\site-packages\django\db\backends\utils.py", line 98, in execute
    return super().execute(sql, params)
  File "E:\DRF\venv\lib\site-packages\django\db\backends\utils.py", line 66, in execute
    return self._execute_with_wrappers(sql, params, many=False, executor=self._execute)
  File "E:\DRF\venv\lib\site-packages\django\db\backends\utils.py", line 75, in _execute_with_wrappers
    return executor(sql, params, many, context)
  File "E:\DRF\venv\lib\site-packages\django\db\backends\utils.py", line 84, in _execute
    return self.cursor.execute(sql, params)
  File "E:\DRF\venv\lib\site-packages\django\db\utils.py", line 90, in __exit__
    raise dj_exc_value.with_traceback(traceback) from exc_value
  File "E:\DRF\venv\lib\site-packages\django\db\backends\utils.py", line 84, in _execute
    return self.cursor.execute(sql, params)
  File "E:\DRF\venv\lib\site-packages\django\db\backends\mysql\base.py", line 73, in execute
    return self.cursor.execute(query, args)
  File "E:\DRF\venv\lib\site-packages\pymysql\cursors.py", line 148, in execute
    result = self._query(query)
  File "E:\DRF\venv\lib\site-packages\pymysql\cursors.py", line 310, in _query
    conn.query(q)
  File "E:\DRF\venv\lib\site-packages\pymysql\connections.py", line 548, in query
    self._affected_rows = self._read_query_result(unbuffered=unbuffered)
  File "E:\DRF\venv\lib\site-packages\pymysql\connections.py", line 775, in _read_query_result
    result.read()
  File "E:\DRF\venv\lib\site-packages\pymysql\connections.py", line 1156, in read
    first_packet = self.connection._read_packet()
  File "E:\DRF\venv\lib\site-packages\pymysql\connections.py", line 725, in _read_packet
    packet.raise_for_error()
  File "E:\DRF\venv\lib\site-packages\pymysql\protocol.py", line 221, in raise_for_error
    err.raise_mysql_exception(self._data)
  File "E:\DRF\venv\lib\site-packages\pymysql\err.py", line 143, in raise_mysql_exception
    raise errorclass(errno, errval)
django.db.utils.OperationalError: (1054, "Unknown column 'crm_oblist.Owner' in 'field list'")
[2021-07-23 08:07:30,513] [basehttp.py:161] [basehttp:log_message] [ERROR]- "GET /admin/crm/oblist/ HTTP/1.1" 500 241888
[2021-07-23 08:08:07,515] [autoreload.py:250] [autoreload:trigger_reload] [INFO]- E:\djangoProject\crm\admin.py changed, reloading.
[2021-07-23 08:08:09,334] [autoreload.py:636] [autoreload:run_with_reloader] [INFO]- Watching for file changes with StatReloader
[2021-07-23 08:08:19,439] [autoreload.py:250] [autoreload:trigger_reload] [INFO]- E:\djangoProject\crm\admin.py changed, reloading.
[2021-07-23 08:08:21,291] [autoreload.py:636] [autoreload:run_with_reloader] [INFO]- Watching for file changes with StatReloader
[2021-07-23 08:08:40,590] [basehttp.py:161] [basehttp:log_message] [INFO]- "GET /admin/ HTTP/1.1" 200 18370
[2021-07-23 08:08:41,248] [log.py:224] [log:log_response] [ERROR]- Internal Server Error: /admin/crm/oblist/
Traceback (most recent call last):
  File "E:\DRF\venv\lib\site-packages\django\db\backends\utils.py", line 84, in _execute
    return self.cursor.execute(sql, params)
  File "E:\DRF\venv\lib\site-packages\django\db\backends\mysql\base.py", line 73, in execute
    return self.cursor.execute(query, args)
  File "E:\DRF\venv\lib\site-packages\pymysql\cursors.py", line 148, in execute
    result = self._query(query)
  File "E:\DRF\venv\lib\site-packages\pymysql\cursors.py", line 310, in _query
    conn.query(q)
  File "E:\DRF\venv\lib\site-packages\pymysql\connections.py", line 548, in query
    self._affected_rows = self._read_query_result(unbuffered=unbuffered)
  File "E:\DRF\venv\lib\site-packages\pymysql\connections.py", line 775, in _read_query_result
    result.read()
  File "E:\DRF\venv\lib\site-packages\pymysql\connections.py", line 1156, in read
    first_packet = self.connection._read_packet()
  File "E:\DRF\venv\lib\site-packages\pymysql\connections.py", line 725, in _read_packet
    packet.raise_for_error()
  File "E:\DRF\venv\lib\site-packages\pymysql\protocol.py", line 221, in raise_for_error
    err.raise_mysql_exception(self._data)
  File "E:\DRF\venv\lib\site-packages\pymysql\err.py", line 143, in raise_mysql_exception
    raise errorclass(errno, errval)
pymysql.err.OperationalError: (1054, "Unknown column 'crm_oblist.Owner' in 'field list'")

The above exception was the direct cause of the following exception:

Traceback (most recent call last):
  File "E:\DRF\venv\lib\site-packages\django\core\handlers\exception.py", line 47, in inner
    response = get_response(request)
  File "E:\DRF\venv\lib\site-packages\django\core\handlers\base.py", line 181, in _get_response
    response = wrapped_callback(request, *callback_args, **callback_kwargs)
  File "E:\DRF\venv\lib\site-packages\django\contrib\admin\options.py", line 616, in wrapper
    return self.admin_site.admin_view(view)(*args, **kwargs)
  File "E:\DRF\venv\lib\site-packages\django\utils\decorators.py", line 130, in _wrapped_view
    response = view_func(request, *args, **kwargs)
  File "E:\DRF\venv\lib\site-packages\django\views\decorators\cache.py", line 44, in _wrapped_view_func
    response = view_func(request, *args, **kwargs)
  File "E:\DRF\venv\lib\site-packages\django\contrib\admin\sites.py", line 232, in inner
    return view(request, *args, **kwargs)
  File "E:\DRF\venv\lib\site-packages\django\utils\decorators.py", line 43, in _wrapper
    return bound_method(*args, **kwargs)
  File "E:\DRF\venv\lib\site-packages\django\utils\decorators.py", line 130, in _wrapped_view
    response = view_func(request, *args, **kwargs)
  File "E:\DRF\venv\lib\site-packages\django\contrib\admin\options.py", line 1794, in changelist_view
    media = self.media + formset.media
  File "E:\DRF\venv\lib\site-packages\django\forms\formsets.py", line 436, in media
    if self.forms:
  File "E:\DRF\venv\lib\site-packages\django\utils\functional.py", line 48, in __get__
    res = instance.__dict__[self.name] = self.func(instance)
  File "E:\DRF\venv\lib\site-packages\django\forms\formsets.py", line 157, in forms
    for i in range(self.total_form_count())
  File "E:\DRF\venv\lib\site-packages\django\forms\formsets.py", line 132, in total_form_count
    initial_forms = self.initial_form_count()
  File "E:\DRF\venv\lib\site-packages\django\forms\models.py", line 586, in initial_form_count
    return len(self.get_queryset())
  File "E:\DRF\venv\lib\site-packages\django\db\models\query.py", line 262, in __len__
    self._fetch_all()
  File "E:\DRF\venv\lib\site-packages\django\db\models\query.py", line 1324, in _fetch_all
    self._result_cache = list(self._iterable_class(self))
  File "E:\DRF\venv\lib\site-packages\django\db\models\query.py", line 51, in __iter__
    results = compiler.execute_sql(chunked_fetch=self.chunked_fetch, chunk_size=self.chunk_size)
  File "E:\DRF\venv\lib\site-packages\django\db\models\sql\compiler.py", line 1175, in execute_sql
    cursor.execute(sql, params)
  File "E:\DRF\venv\lib\site-packages\django\db\backends\utils.py", line 98, in execute
    return super().execute(sql, params)
  File "E:\DRF\venv\lib\site-packages\django\db\backends\utils.py", line 66, in execute
    return self._execute_with_wrappers(sql, params, many=False, executor=self._execute)
  File "E:\DRF\venv\lib\site-packages\django\db\backends\utils.py", line 75, in _execute_with_wrappers
    return executor(sql, params, many, context)
  File "E:\DRF\venv\lib\site-packages\django\db\backends\utils.py", line 84, in _execute
    return self.cursor.execute(sql, params)
  File "E:\DRF\venv\lib\site-packages\django\db\utils.py", line 90, in __exit__
    raise dj_exc_value.with_traceback(traceback) from exc_value
  File "E:\DRF\venv\lib\site-packages\django\db\backends\utils.py", line 84, in _execute
    return self.cursor.execute(sql, params)
  File "E:\DRF\venv\lib\site-packages\django\db\backends\mysql\base.py", line 73, in execute
    return self.cursor.execute(query, args)
  File "E:\DRF\venv\lib\site-packages\pymysql\cursors.py", line 148, in execute
    result = self._query(query)
  File "E:\DRF\venv\lib\site-packages\pymysql\cursors.py", line 310, in _query
    conn.query(q)
  File "E:\DRF\venv\lib\site-packages\pymysql\connections.py", line 548, in query
    self._affected_rows = self._read_query_result(unbuffered=unbuffered)
  File "E:\DRF\venv\lib\site-packages\pymysql\connections.py", line 775, in _read_query_result
    result.read()
  File "E:\DRF\venv\lib\site-packages\pymysql\connections.py", line 1156, in read
    first_packet = self.connection._read_packet()
  File "E:\DRF\venv\lib\site-packages\pymysql\connections.py", line 725, in _read_packet
    packet.raise_for_error()
  File "E:\DRF\venv\lib\site-packages\pymysql\protocol.py", line 221, in raise_for_error
    err.raise_mysql_exception(self._data)
  File "E:\DRF\venv\lib\site-packages\pymysql\err.py", line 143, in raise_mysql_exception
    raise errorclass(errno, errval)
django.db.utils.OperationalError: (1054, "Unknown column 'crm_oblist.Owner' in 'field list'")
[2021-07-23 08:08:41,273] [basehttp.py:161] [basehttp:log_message] [ERROR]- "GET /admin/crm/oblist/ HTTP/1.1" 500 243275
[2021-07-23 08:09:13,693] [basehttp.py:161] [basehttp:log_message] [INFO]- "GET /admin/ HTTP/1.1" 200 18370
[2021-07-23 08:09:15,166] [basehttp.py:161] [basehttp:log_message] [INFO]- "GET /admin/crm/oblist/ HTTP/1.1" 200 432304
[2021-07-23 08:09:15,185] [basehttp.py:161] [basehttp:log_message] [INFO]- "GET /static/js/call.js HTTP/1.1" 304 0
[2021-07-23 08:09:15,322] [basehttp.py:161] [basehttp:log_message] [INFO]- "GET /admin/jsi18n/ HTTP/1.1" 200 8398
[2021-07-23 08:10:16,531] [autoreload.py:250] [autoreload:trigger_reload] [INFO]- E:\djangoProject\crm\admin.py changed, reloading.
[2021-07-23 08:10:18,612] [autoreload.py:636] [autoreload:run_with_reloader] [INFO]- Watching for file changes with StatReloader
[2021-07-23 08:10:19,574] [basehttp.py:161] [basehttp:log_message] [INFO]- "GET /admin/ HTTP/1.1" 200 18370
[2021-07-23 08:10:20,989] [basehttp.py:161] [basehttp:log_message] [INFO]- "GET /admin/crm/oblist/ HTTP/1.1" 200 416381
[2021-07-23 08:10:21,153] [basehttp.py:161] [basehttp:log_message] [INFO]- "GET /admin/jsi18n/ HTTP/1.1" 200 8398
[2021-07-23 08:14:02,921] [autoreload.py:250] [autoreload:trigger_reload] [INFO]- E:\djangoProject\crm\models.py changed, reloading.
[2021-07-23 08:14:04,728] [autoreload.py:636] [autoreload:run_with_reloader] [INFO]- Watching for file changes with StatReloader
[2021-07-23 08:14:10,093] [autoreload.py:250] [autoreload:trigger_reload] [INFO]- E:\djangoProject\crm\models.py changed, reloading.
[2021-07-23 08:14:12,217] [autoreload.py:636] [autoreload:run_with_reloader] [INFO]- Watching for file changes with StatReloader
[2021-07-23 08:14:13,252] [basehttp.py:161] [basehttp:log_message] [INFO]- "GET /admin/ HTTP/1.1" 200 18370
[2021-07-23 08:14:14,704] [basehttp.py:161] [basehttp:log_message] [INFO]- "GET /admin/crm/oblist/ HTTP/1.1" 200 441869
[2021-07-23 08:14:14,862] [basehttp.py:161] [basehttp:log_message] [INFO]- "GET /admin/jsi18n/ HTTP/1.1" 200 8398
[2021-07-23 08:14:39,759] [basehttp.py:161] [basehttp:log_message] [INFO]- "POST /admin/crm/oblist/ HTTP/1.1" 200 444044
[2021-07-23 08:14:39,951] [basehttp.py:161] [basehttp:log_message] [INFO]- "GET /admin/jsi18n/ HTTP/1.1" 200 8398
[2021-07-23 08:16:48,209] [autoreload.py:250] [autoreload:trigger_reload] [INFO]- E:\djangoProject\crm\models.py changed, reloading.
[2021-07-23 08:16:50,371] [autoreload.py:636] [autoreload:run_with_reloader] [INFO]- Watching for file changes with StatReloader
[2021-07-23 08:16:51,396] [basehttp.py:161] [basehttp:log_message] [INFO]- "GET /admin/ HTTP/1.1" 200 18370
[2021-07-23 08:16:52,993] [basehttp.py:161] [basehttp:log_message] [INFO]- "GET /admin/crm/oblist/ HTTP/1.1" 200 441869
[2021-07-23 08:16:53,145] [basehttp.py:161] [basehttp:log_message] [INFO]- "GET /admin/jsi18n/ HTTP/1.1" 200 8398
[2021-07-23 08:16:58,913] [basehttp.py:161] [basehttp:log_message] [INFO]- "POST /admin/crm/oblist/ HTTP/1.1" 302 0
[2021-07-23 08:17:00,086] [basehttp.py:161] [basehttp:log_message] [INFO]- "GET /admin/crm/oblist/ HTTP/1.1" 200 441869
[2021-07-23 08:17:00,256] [basehttp.py:161] [basehttp:log_message] [INFO]- "GET /admin/jsi18n/ HTTP/1.1" 200 8398
[2021-07-23 08:21:17,643] [autoreload.py:250] [autoreload:trigger_reload] [INFO]- E:\djangoProject\crm\models.py changed, reloading.
[2021-07-23 08:21:19,587] [autoreload.py:636] [autoreload:run_with_reloader] [INFO]- Watching for file changes with StatReloader
[2021-07-23 08:21:47,650] [autoreload.py:250] [autoreload:trigger_reload] [INFO]- E:\djangoProject\crm\admin.py changed, reloading.
[2021-07-23 08:21:49,617] [autoreload.py:636] [autoreload:run_with_reloader] [INFO]- Watching for file changes with StatReloader
[2021-07-23 08:21:50,719] [basehttp.py:161] [basehttp:log_message] [INFO]- "GET /admin/ HTTP/1.1" 200 18370
[2021-07-23 08:21:53,658] [basehttp.py:161] [basehttp:log_message] [INFO]- "GET /admin/crm/oblist/ HTTP/1.1" 200 454111
[2021-07-23 08:21:53,826] [basehttp.py:161] [basehttp:log_message] [INFO]- "GET /admin/jsi18n/ HTTP/1.1" 200 8398
[2021-07-23 08:22:08,986] [autoreload.py:250] [autoreload:trigger_reload] [INFO]- E:\djangoProject\crm\admin.py changed, reloading.
[2021-07-23 08:22:10,999] [autoreload.py:636] [autoreload:run_with_reloader] [INFO]- Watching for file changes with StatReloader
[2021-07-23 08:24:12,914] [autoreload.py:250] [autoreload:trigger_reload] [INFO]- E:\djangoProject\crm\models.py changed, reloading.
[2021-07-23 08:24:14,911] [autoreload.py:636] [autoreload:run_with_reloader] [INFO]- Watching for file changes with StatReloader
[2021-07-23 08:24:38,090] [autoreload.py:250] [autoreload:trigger_reload] [INFO]- E:\djangoProject\crm\models.py changed, reloading.
[2021-07-23 08:24:40,063] [autoreload.py:636] [autoreload:run_with_reloader] [INFO]- Watching for file changes with StatReloader
[2021-07-23 08:24:47,795] [autoreload.py:250] [autoreload:trigger_reload] [INFO]- E:\djangoProject\crm\models.py changed, reloading.
[2021-07-23 08:24:49,704] [autoreload.py:636] [autoreload:run_with_reloader] [INFO]- Watching for file changes with StatReloader
[2021-07-23 08:25:01,983] [autoreload.py:250] [autoreload:trigger_reload] [INFO]- E:\djangoProject\crm\models.py changed, reloading.
[2021-07-23 08:25:03,911] [autoreload.py:636] [autoreload:run_with_reloader] [INFO]- Watching for file changes with StatReloader
[2021-07-23 08:25:29,204] [autoreload.py:250] [autoreload:trigger_reload] [INFO]- E:\djangoProject\crm\admin.py changed, reloading.
[2021-07-23 08:25:31,149] [autoreload.py:636] [autoreload:run_with_reloader] [INFO]- Watching for file changes with StatReloader
[2021-07-23 08:25:34,116] [basehttp.py:161] [basehttp:log_message] [INFO]- "GET /admin/ HTTP/1.1" 200 18370
[2021-07-23 08:25:35,534] [basehttp.py:161] [basehttp:log_message] [INFO]- "GET /admin/crm/oblist/ HTTP/1.1" 200 443673
[2021-07-23 08:25:35,694] [basehttp.py:161] [basehttp:log_message] [INFO]- "GET /admin/jsi18n/ HTTP/1.1" 200 8398
[2021-07-23 08:25:58,196] [basehttp.py:161] [basehttp:log_message] [INFO]- "GET /admin/crm/oblist/718/change/ HTTP/1.1" 200 20841
[2021-07-23 08:25:58,371] [basehttp.py:161] [basehttp:log_message] [INFO]- "GET /admin/jsi18n/ HTTP/1.1" 200 8398
[2021-07-23 08:26:02,269] [basehttp.py:161] [basehttp:log_message] [INFO]- "GET /admin/crm/oblist/ HTTP/1.1" 200 443673
[2021-07-23 08:26:02,426] [basehttp.py:161] [basehttp:log_message] [INFO]- "GET /admin/jsi18n/ HTTP/1.1" 200 8398
[2021-07-23 08:46:43,485] [basehttp.py:161] [basehttp:log_message] [INFO]- "GET /admin/ HTTP/1.1" 200 18370
[2021-07-23 08:46:44,602] [basehttp.py:161] [basehttp:log_message] [INFO]- "GET /admin/crm/oblist/ HTTP/1.1" 200 443673
[2021-07-23 08:46:44,759] [basehttp.py:161] [basehttp:log_message] [INFO]- "GET /admin/jsi18n/ HTTP/1.1" 200 8398
[2021-07-23 08:47:55,586] [basehttp.py:161] [basehttp:log_message] [INFO]- "POST /admin/crm/oblist/ HTTP/1.1" 302 0
[2021-07-23 08:47:56,770] [basehttp.py:161] [basehttp:log_message] [INFO]- "GET /admin/crm/oblist/ HTTP/1.1" 200 443783
[2021-07-23 08:47:56,956] [basehttp.py:161] [basehttp:log_message] [INFO]- "GET /admin/jsi18n/ HTTP/1.1" 200 8398
[2021-07-23 08:48:22,998] [basehttp.py:161] [basehttp:log_message] [INFO]- "POST /makecall/ HTTP/1.1" 200 106
[2021-07-23 08:48:24,843] [basehttp.py:161] [basehttp:log_message] [INFO]- "POST /admin/crm/oblist/ HTTP/1.1" 302 0
[2021-07-23 08:48:25,892] [basehttp.py:161] [basehttp:log_message] [INFO]- "GET /admin/crm/oblist/ HTTP/1.1" 200 443677
[2021-07-23 08:48:26,066] [basehttp.py:161] [basehttp:log_message] [INFO]- "GET /admin/jsi18n/ HTTP/1.1" 200 8398
[2021-07-23 08:50:22,375] [autoreload.py:250] [autoreload:trigger_reload] [INFO]- E:\djangoProject\crm\admin.py changed, reloading.
[2021-07-23 08:50:24,482] [autoreload.py:636] [autoreload:run_with_reloader] [INFO]- Watching for file changes with StatReloader
[2021-07-23 08:50:31,519] [basehttp.py:161] [basehttp:log_message] [INFO]- "GET /admin/ HTTP/1.1" 200 19415
[2021-07-23 08:50:32,867] [basehttp.py:161] [basehttp:log_message] [INFO]- "GET /admin/crm/oblist/ HTTP/1.1" 200 459357
[2021-07-23 08:50:33,033] [basehttp.py:161] [basehttp:log_message] [INFO]- "GET /admin/jsi18n/ HTTP/1.1" 200 8398
[2021-07-23 08:50:47,613] [basehttp.py:161] [basehttp:log_message] [INFO]- "POST /admin/crm/oblist/ HTTP/1.1" 302 0
[2021-07-23 08:50:48,921] [basehttp.py:161] [basehttp:log_message] [INFO]- "GET /admin/crm/oblist/ HTTP/1.1" 200 459463
[2021-07-23 08:50:49,103] [basehttp.py:161] [basehttp:log_message] [INFO]- "GET /admin/jsi18n/ HTTP/1.1" 200 8398
[2021-07-23 08:52:19,498] [autoreload.py:250] [autoreload:trigger_reload] [INFO]- E:\djangoProject\crm\admin.py changed, reloading.
[2021-07-23 08:52:21,681] [autoreload.py:636] [autoreload:run_with_reloader] [INFO]- Watching for file changes with StatReloader
[2021-07-23 08:52:31,806] [basehttp.py:161] [basehttp:log_message] [INFO]- "GET /admin/ HTTP/1.1" 200 21071
[2021-07-23 08:52:33,194] [basehttp.py:161] [basehttp:log_message] [INFO]- "GET /admin/crm/oblist/ HTTP/1.1" 200 458443
[2021-07-23 08:52:33,353] [basehttp.py:161] [basehttp:log_message] [INFO]- "GET /admin/jsi18n/ HTTP/1.1" 200 8398
[2021-07-23 08:52:54,916] [basehttp.py:161] [basehttp:log_message] [INFO]- "GET /admin/crm/oblist/?Status__exact=%E6%9C%AA%E8%81%94%E7%B3%BB HTTP/1.1" 200 467139
[2021-07-23 08:52:55,092] [basehttp.py:161] [basehttp:log_message] [INFO]- "GET /admin/jsi18n/ HTTP/1.1" 200 8398
[2021-07-23 08:53:21,392] [basehttp.py:161] [basehttp:log_message] [INFO]- "GET /admin/crm/organization/ HTTP/1.1" 200 104655
[2021-07-23 08:53:21,533] [basehttp.py:161] [basehttp:log_message] [INFO]- "GET /admin/jsi18n/ HTTP/1.1" 200 8398
